<?xml version="1.0" encoding="UTF-8"?>
<!-- Generated by org.testng.reporters.JUnitReportReporter -->
<testsuite hostname="Shakkila" failures="0" tests="1" name="firstmavenproject.tests.LoginErrorValidationTest" time="39.940" errors="0" timestamp="2024-04-29T20:05:48 GST" skipped="0">
  <testcase classname="firstmavenproject.tests.LoginErrorValidationTest" name="standAloneTest" time="39.940"/>
</testsuite> <!-- firstmavenproject.tests.LoginErrorValidationTest -->
