<?xml version="1.0" encoding="UTF-8"?>
<!-- Generated by org.testng.reporters.JUnitReportReporter -->
<testsuite hostname="Shakkila" failures="0" tests="2" name="firstmavenproject.tests.StandAloneTestcopy" time="84.307" errors="0" timestamp="2024-04-30T11:28:46 GST" skipped="0">
  <testcase classname="firstmavenproject.tests.StandAloneTestcopy" name="standAloneTest" time="45.086"/>
  <testcase classname="firstmavenproject.tests.StandAloneTestcopy" name="OrderHistory" time="39.221"/>
</testsuite> <!-- firstmavenproject.tests.StandAloneTestcopy -->
