<?xml version="1.0" encoding="UTF-8"?>
<!-- Generated by org.testng.reporters.JUnitReportReporter -->
<testsuite hostname="Shakkila" failures="0" tests="2" name="firstmavenproject.tests.SubmitOrderCopy" time="82.774" errors="0" timestamp="2024-04-30T11:37:17 GST" skipped="0">
  <testcase classname="firstmavenproject.tests.SubmitOrderCopy" name="OrderHistory" time="39.811"/>
  <testcase classname="firstmavenproject.tests.SubmitOrderCopy" name="SubmitOrder" time="42.963"/>
</testsuite> <!-- firstmavenproject.tests.SubmitOrderCopy -->
