<?xml version="1.0" encoding="UTF-8"?>
<!-- Generated by org.testng.reporters.JUnitReportReporter -->
<testsuite hostname="Shakkila" failures="0" tests="2" name="firstmavenproject.tests.ErrorValidationTest" time="11.538" errors="0" timestamp="2024-05-24T12:18:46 GST" skipped="0">
  <testcase classname="firstmavenproject.tests.ErrorValidationTest" name="productError" time="9.212"/>
  <testcase classname="firstmavenproject.tests.ErrorValidationTest" name="loginError" time="2.326"/>
</testsuite> <!-- firstmavenproject.tests.ErrorValidationTest -->
