<?xml version="1.0" encoding="UTF-8"?>
<!-- Generated by org.testng.reporters.JUnitReportReporter -->
<testsuite hostname="Shakkila" failures="0" tests="2" name="firstmavenproject.tests.ErrorValidationTest" time="46.189" errors="0" timestamp="2024-05-14T16:56:12 GST" skipped="0">
  <testcase classname="firstmavenproject.tests.ErrorValidationTest" name="loginError" time="40.174"/>
  <testcase classname="firstmavenproject.tests.ErrorValidationTest" name="productError" time="6.015"/>
</testsuite> <!-- firstmavenproject.tests.ErrorValidationTest -->
