<?xml version="1.0" encoding="UTF-8"?>
<!-- Generated by org.testng.reporters.JUnitReportReporter -->
<testsuite hostname="Shakkila" failures="0" tests="3" name="firstmavenproject.tests.SubmitOrderCopyTest" time="90.625" errors="0" timestamp="2024-05-14T16:56:12 GST" skipped="0">
  <testcase classname="firstmavenproject.tests.SubmitOrderCopyTest" name="SubmitOrder" time="44.280"/>
  <testcase classname="firstmavenproject.tests.SubmitOrderCopyTest" name="SubmitOrder" time="42.079"/>
  <testcase classname="firstmavenproject.tests.SubmitOrderCopyTest" name="OrderHistory" time="4.266"/>
</testsuite> <!-- firstmavenproject.tests.SubmitOrderCopyTest -->
